<?xml version="1.0" encoding="UTF-8"?>
<!-- Generated by org.testng.reporters.JUnitXMLReporter -->
<testsuite hostname="QMC104" name="Default test" tests="3" failures="0" timestamp="22 Jun 2017 11:52:37 GMT" time="155.166" errors="0">
  <testcase name="Verify_Login_process" time="19.047" classname="TestScript.TcLogin"/>
  <testcase name="Verify_LoggedIn_User" time="24.361" classname="TestScript.TcLogin"/>
  <testcase name="Verify_LoggedIn_User_with_Invalid_Username" time="24.245" classname="TestScript.TcLogin"/>
</testsuite> <!-- Default test -->
